<?xml version="1.0" encoding="UTF-8"?>
<testsuite xmlns:xsi="http://www.w3.org/2001/XMLSchema-instance" xsi:noNamespaceSchemaLocation="https://maven.apache.org/surefire/maven-surefire-plugin/xsd/surefire-test-report.xsd" version="3.0.2" name="it.coderit.banktestapp.controller.ClassificationRuleControllerTest" time="12.668" tests="15" errors="0" skipped="0" failures="0">
  <properties>
[...]
</properties>
  <testcase name="addRule_shouldReturnBadRequest_whenCentroIsMissing" classname="it.coderit.banktestapp.controller.ClassificationRuleControllerTest" time="3.888">
    <system-out><![CDATA[&amp#27;[38;5;145m2025-06-30 15:23:29,110&amp#27;[39m&amp#27;[38;5;188m &amp#27;[39m&amp#27;[38;5;137mWARN &amp#27;[39m&amp#27;[38;5;188m [&amp#27;[39m&amp#27;[38;5;69mio.qua.run.log.LoggingSetupRecorder&amp#27;[39m&amp#27;[38;5;188m] (&amp#27;[39m&amp#27;[38;5;71mbuild-14&amp#27;[39m&amp#27;[38;5;188m) &amp#27;[39m&amp#27;[38;5;151m&amp#27;[39mLog level &amp#27;[38;5;188mTRACE&amp#27;[39m for category '&amp#27;[38;5;188morg.flywaydb&amp#27;[39m' set below minimum logging level &amp#27;[38;5;188mDEBUG&amp#27;[39m, promoting it to &amp#27;[38;5;188mDEBUG&amp#27;[39m. Set the build time configuration property 'quarkus.log.category."&amp#27;[38;5;188morg.flywaydb&amp#27;[39m".min-level' to '&amp#27;[38;5;188mTRACE&amp#27;[39m' to avoid this warning&amp#27;[39m&amp#27;[38;5;203m&amp#27;[39m&amp#27;[38;5;227m
&amp#27;[39m&amp#27;[38;5;145m2025-06-30 15:23:29,110&amp#27;[39m&amp#27;[38;5;188m &amp#27;[39m&amp#27;[38;5;137mWARN &amp#27;[39m&amp#27;[38;5;188m [&amp#27;[39m&amp#27;[38;5;69mio.qua.run.log.LoggingSetupRecorder&amp#27;[39m&amp#27;[38;5;188m] (&amp#27;[39m&amp#27;[38;5;71mbuild-14&amp#27;[39m&amp#27;[38;5;188m) &amp#27;[39m&amp#27;[38;5;151m&amp#27;[39mLog level &amp#27;[38;5;188mTRACE&amp#27;[39m for category '&amp#27;[38;5;188mio.quarkus.flyway&amp#27;[39m' set below minimum logging level &amp#27;[38;5;188mDEBUG&amp#27;[39m, promoting it to &amp#27;[38;5;188mDEBUG&amp#27;[39m. Set the build time configuration property 'quarkus.log.category."&amp#27;[38;5;188mio.quarkus.flyway&amp#27;[39m".min-level' to '&amp#27;[38;5;188mTRACE&amp#27;[39m' to avoid this warning&amp#27;[39m&amp#27;[38;5;203m&amp#27;[39m&amp#27;[38;5;227m
&amp#27;[39m&amp#27;[38;5;145m2025-06-30 15:23:32,567&amp#27;[39m&amp#27;[38;5;188m &amp#27;[39m&amp#27;[38;5;137mWARN &amp#27;[39m&amp#27;[38;5;188m [&amp#27;[39m&amp#27;[38;5;69mio.qua.run.log.LoggingSetupRecorder&amp#27;[39m&amp#27;[38;5;188m] (&amp#27;[39m&amp#27;[38;5;71mmain&amp#27;[39m&amp#27;[38;5;188m) &amp#27;[39m&amp#27;[38;5;151m&amp#27;[39mLog level &amp#27;[38;5;188mTRACE&amp#27;[39m for category '&amp#27;[38;5;188morg.flywaydb&amp#27;[39m' set below minimum logging level &amp#27;[38;5;188mDEBUG&amp#27;[39m, promoting it to &amp#27;[38;5;188mDEBUG&amp#27;[39m. Set the build time configuration property 'quarkus.log.category."&amp#27;[38;5;188morg.flywaydb&amp#27;[39m".min-level' to '&amp#27;[38;5;188mTRACE&amp#27;[39m' to avoid this warning&amp#27;[39m&amp#27;[38;5;203m&amp#27;[39m&amp#27;[38;5;227m
&amp#27;[39m&amp#27;[38;5;145m2025-06-30 15:23:32,568&amp#27;[39m&amp#27;[38;5;188m &amp#27;[39m&amp#27;[38;5;137mWARN &amp#27;[39m&amp#27;[38;5;188m [&amp#27;[39m&amp#27;[38;5;69mio.qua.run.log.LoggingSetupRecorder&amp#27;[39m&amp#27;[38;5;188m] (&amp#27;[39m&amp#27;[38;5;71mmain&amp#27;[39m&amp#27;[38;5;188m) &amp#27;[39m&amp#27;[38;5;151m&amp#27;[39mLog level &amp#27;[38;5;188mTRACE&amp#27;[39m for category '&amp#27;[38;5;188mio.quarkus.flyway&amp#27;[39m' set below minimum logging level &amp#27;[38;5;188mDEBUG&amp#27;[39m, promoting it to &amp#27;[38;5;188mDEBUG&amp#27;[39m. Set the build time configuration property 'quarkus.log.category."&amp#27;[38;5;188mio.quarkus.flyway&amp#27;[39m".min-level' to '&amp#27;[38;5;188mTRACE&amp#27;[39m' to avoid this warning&amp#27;[39m&amp#27;[38;5;203m&amp#27;[39m&amp#27;[38;5;227m
&amp#27;[39m&amp#27;[38;5;145m2025-06-30 15:23:32,922&amp#27;[39m&amp#27;[38;5;188m &amp#27;[39m&amp#27;[38;5;66mDEBUG&amp#27;[39m&amp#27;[38;5;188m [&amp#27;[39m&amp#27;[38;5;69mio.qua.fly.run.FlywayRecorder&amp#27;[39m&amp#27;[38;5;188m] (&amp#27;[39m&amp#27;[38;5;71mmain&amp#27;[39m&amp#27;[38;5;188m) &amp#27;[39m&amp#27;[38;5;151mSetting the following application migration files: [db/migration/V02__alter_table.sql, db/migration/V01__create_tables.sql]&amp#27;[39m&amp#27;[38;5;203m&amp#27;[39m&amp#27;[38;5;227m
&amp#27;[39m&amp#27;[38;5;145m2025-06-30 15:23:32,924&amp#27;[39m&amp#27;[38;5;188m &amp#27;[39m&amp#27;[38;5;66mDEBUG&amp#27;[39m&amp#27;[38;5;188m [&amp#27;[39m&amp#27;[38;5;69mio.qua.fly.run.FlywayRecorder&amp#27;[39m&amp#27;[38;5;188m] (&amp#27;[39m&amp#27;[38;5;71mmain&amp#27;[39m&amp#27;[38;5;188m) &amp#27;[39m&amp#27;[38;5;151mSetting the following application migration classes: []&amp#27;[39m&amp#27;[38;5;203m&amp#27;[39m&amp#27;[38;5;227m
&amp#27;[39m&amp#27;[38;5;145m2025-06-30 15:23:32,924&amp#27;[39m&amp#27;[38;5;188m &amp#27;[39m&amp#27;[38;5;66mDEBUG&amp#27;[39m&amp#27;[38;5;188m [&amp#27;[39m&amp#27;[38;5;69mio.qua.fly.run.FlywayRecorder&amp#27;[39m&amp#27;[38;5;188m] (&amp#27;[39m&amp#27;[38;5;71mmain&amp#27;[39m&amp#27;[38;5;188m) &amp#27;[39m&amp#27;[38;5;151mSetting application callbacks: 1 total&amp#27;[39m&amp#27;[38;5;203m&amp#27;[39m&amp#27;[38;5;227m
&amp#27;[39m&amp#27;[38;5;145m2025-06-30 15:23:33,191&amp#27;[39m&amp#27;[38;5;188m &amp#27;[39m&amp#27;[38;5;107mINFO &amp#27;[39m&amp#27;[38;5;188m [&amp#27;[39m&amp#27;[38;5;69morg.hib.jpa.int.uti.LogHelper&amp#27;[39m&amp#27;[38;5;188m] (&amp#27;[39m&amp#27;[38;5;71mmain&amp#27;[39m&amp#27;[38;5;188m) &amp#27;[39m&amp#27;[38;5;151m&amp#27;[39mHHH000204: Processing PersistenceUnitInfo [name: &amp#27;[38;5;188m<default>&amp#27;[39m]&amp#27;[39m&amp#27;[38;5;203m&amp#27;[39m&amp#27;[38;5;227m
&amp#27;[39m&amp#27;[38;5;145m2025-06-30 15:23:33,443&amp#27;[39m&amp#27;[38;5;188m &amp#27;[39m&amp#27;[38;5;107mINFO &amp#27;[39m&amp#27;[38;5;188m [&amp#27;[39m&amp#27;[38;5;69morg.hib.Version&amp#27;[39m&amp#27;[38;5;188m] (&amp#27;[39m&amp#27;[38;5;71mmain&amp#27;[39m&amp#27;[38;5;188m) &amp#27;[39m&amp#27;[38;5;151m&amp#27;[39mHHH000412: Hibernate ORM core version &amp#27;[38;5;188m6.6.14.Final&amp#27;[39m&amp#27;[39m&amp#27;[38;5;203m&amp#27;[39m&amp#27;[38;5;227m
&amp#27;[39m&amp#27;[38;5;145m2025-06-30 15:23:33,689&amp#27;[39m&amp#27;[38;5;188m &amp#27;[39m&amp#27;[38;5;137mWARN &amp#27;[39m&amp#27;[38;5;188m [&amp#27;[39m&amp#27;[38;5;69morg.hib.orm.deprecation&amp#27;[39m&amp#27;[38;5;188m] (&amp#27;[39m&amp#27;[38;5;71mmain&amp#27;[39m&amp#27;[38;5;188m) &amp#27;[39m&amp#27;[38;5;151m&amp#27;[39mHHH90000025: &amp#27;[38;5;188mPostgreSQLDialect&amp#27;[39m does not need to be specified explicitly using 'hibernate.dialect' (remove the property setting and it will be selected by default)&amp#27;[39m&amp#27;[38;5;203m&amp#27;[39m&amp#27;[38;5;227m
&amp#27;[39m&amp#27;[38;5;145m2025-06-30 15:23:33,718&amp#27;[39m&amp#27;[38;5;188m &amp#27;[39m&amp#27;[38;5;107mINFO &amp#27;[39m&amp#27;[38;5;188m [&amp#27;[39m&amp#27;[38;5;69morg.hib.orm.con.pooling&amp#27;[39m&amp#27;[38;5;188m] (&amp#27;[39m&amp#27;[38;5;71mmain&amp#27;[39m&amp#27;[38;5;188m) &amp#27;[39m&amp#27;[38;5;151m&amp#27;[39mHHH10001005: Database info:
&amp#27;[38;5;188m	Database JDBC URL [undefined/unknown]
	Database driver: undefined/unknown
	Database version: 12.0
	Autocommit mode: undefined/unknown
	Isolation level: <unknown>
	Minimum pool size: undefined/unknown
	Maximum pool size: undefined/unknown&amp#27;[39m&amp#27;[39m&amp#27;[38;5;203m&amp#27;[39m&amp#27;[38;5;227m
&amp#27;[39m&amp#27;[38;5;145m2025-06-30 15:23:34,600&amp#27;[39m&amp#27;[38;5;188m &amp#27;[39m&amp#27;[38;5;137mWARN &amp#27;[39m&amp#27;[38;5;188m [&amp#27;[39m&amp#27;[38;5;69mio.qua.run.log.LoggingSetupRecorder&amp#27;[39m&amp#27;[38;5;188m] (&amp#27;[39m&amp#27;[38;5;71mmain&amp#27;[39m&amp#27;[38;5;188m) &amp#27;[39m&amp#27;[38;5;151m&amp#27;[39mLog level &amp#27;[38;5;188mTRACE&amp#27;[39m for category '&amp#27;[38;5;188morg.flywaydb&amp#27;[39m' set below minimum logging level &amp#27;[38;5;188mDEBUG&amp#27;[39m, promoting it to &amp#27;[38;5;188mDEBUG&amp#27;[39m. Set the build time configuration property 'quarkus.log.category."&amp#27;[38;5;188morg.flywaydb&amp#27;[39m".min-level' to '&amp#27;[38;5;188mTRACE&amp#27;[39m' to avoid this warning&amp#27;[39m&amp#27;[38;5;203m&amp#27;[39m&amp#27;[38;5;227m
&amp#27;[39m&amp#27;[38;5;145m2025-06-30 15:23:34,601&amp#27;[39m&amp#27;[38;5;188m &amp#27;[39m&amp#27;[38;5;137mWARN &amp#27;[39m&amp#27;[38;5;188m [&amp#27;[39m&amp#27;[38;5;69mio.qua.run.log.LoggingSetupRecorder&amp#27;[39m&amp#27;[38;5;188m] (&amp#27;[39m&amp#27;[38;5;71mmain&amp#27;[39m&amp#27;[38;5;188m) &amp#27;[39m&amp#27;[38;5;151m&amp#27;[39mLog level &amp#27;[38;5;188mTRACE&amp#27;[39m for category '&amp#27;[38;5;188mio.quarkus.flyway&amp#27;[39m' set below minimum logging level &amp#27;[38;5;188mDEBUG&amp#27;[39m, promoting it to &amp#27;[38;5;188mDEBUG&amp#27;[39m. Set the build time configuration property 'quarkus.log.category."&amp#27;[38;5;188mio.quarkus.flyway&amp#27;[39m".min-level' to '&amp#27;[38;5;188mTRACE&amp#27;[39m' to avoid this warning&amp#27;[39m&amp#27;[38;5;203m&amp#27;[39m&amp#27;[38;5;227m
&amp#27;[39m&amp#27;[38;5;145m2025-06-30 15:23:34,632&amp#27;[39m&amp#27;[38;5;188m &amp#27;[39m&amp#27;[38;5;66mDEBUG&amp#27;[39m&amp#27;[38;5;188m [&amp#27;[39m&amp#27;[38;5;69mio.qua.fly.run.QuarkusPathLocationScanner&amp#27;[39m&amp#27;[38;5;188m] (&amp#27;[39m&amp#27;[38;5;71mmain&amp#27;[39m&amp#27;[38;5;188m) &amp#27;[39m&amp#27;[38;5;151mLocations: [classpath:db/migration]&amp#27;[39m&amp#27;[38;5;203m&amp#27;[39m&amp#27;[38;5;227m
&amp#27;[39m&amp#27;[38;5;145m2025-06-30 15:23:34,633&amp#27;[39m&amp#27;[38;5;188m &amp#27;[39m&amp#27;[38;5;66mDEBUG&amp#27;[39m&amp#27;[38;5;188m [&amp#27;[39m&amp#27;[38;5;69mio.qua.fly.run.QuarkusPathLocationScanner&amp#27;[39m&amp#27;[38;5;188m] (&amp#27;[39m&amp#27;[38;5;71mmain&amp#27;[39m&amp#27;[38;5;188m) &amp#27;[39m&amp#27;[38;5;151m&amp#27;[39mLoading &amp#27;[38;5;188mdb/migration/V02__alter_table.sql&amp#27;[39m&amp#27;[39m&amp#27;[38;5;203m&amp#27;[39m&amp#27;[38;5;227m
&amp#27;[39m&amp#27;[38;5;145m2025-06-30 15:23:34,634&amp#27;[39m&amp#27;[38;5;188m &amp#27;[39m&amp#27;[38;5;66mDEBUG&amp#27;[39m&amp#27;[38;5;188m [&amp#27;[39m&amp#27;[38;5;69mio.qua.fly.run.QuarkusPathLocationScanner&amp#27;[39m&amp#27;[38;5;188m] (&amp#27;[39m&amp#27;[38;5;71mmain&amp#27;[39m&amp#27;[38;5;188m) &amp#27;[39m&amp#27;[38;5;151m&amp#27;[39mLoading &amp#27;[38;5;188mdb/migration/V01__create_tables.sql&amp#27;[39m&amp#27;[39m&amp#27;[38;5;203m&amp#27;[39m&amp#27;[38;5;227m
&amp#27;[39m&amp#27;[38;5;145m2025-06-30 15:23:35,238&amp#27;[39m&amp#27;[38;5;188m &amp#27;[39m&amp#27;[38;5;66mDEBUG&amp#27;[39m&amp#27;[38;5;188m [&amp#27;[39m&amp#27;[38;5;69morg.fly.cor.int.res.ResourceNameValidator&amp#27;[39m&amp#27;[38;5;188m] (&amp#27;[39m&amp#27;[38;5;71mmain&amp#27;[39m&amp#27;[38;5;188m) &amp#27;[39m&amp#27;[38;5;151mScanning for classpath resources at 'classpath:db/callback' ...&amp#27;[39m&amp#27;[38;5;203m&amp#27;[39m&amp#27;[38;5;227m
&amp#27;[39m&amp#27;[38;5;145m2025-06-30 15:23:35,239&amp#27;[39m&amp#27;[38;5;188m &amp#27;[39m&amp#27;[38;5;66mDEBUG&amp#27;[39m&amp#27;[38;5;188m [&amp#27;[39m&amp#27;[38;5;69morg.fly.cor.int.res.ResourceNameValidator&amp#27;[39m&amp#27;[38;5;188m] (&amp#27;[39m&amp#27;[38;5;71mmain&amp#27;[39m&amp#27;[38;5;188m) &amp#27;[39m&amp#27;[38;5;151mDetermining location urls for classpath:db/callback using ClassLoader QuarkusClassLoader:Quarkus Runtime ClassLoader: TEST for JUnitQuarkusTest-no-profile (QuarkusTest) restart no:0@6169be09 ...&amp#27;[39m&amp#27;[38;5;203m&amp#27;[39m&amp#27;[38;5;227m
&amp#27;[39m&amp#27;[38;5;145m2025-06-30 15:23:35,239&amp#27;[39m&amp#27;[38;5;188m &amp#27;[39m&amp#27;[38;5;66mDEBUG&amp#27;[39m&amp#27;[38;5;188m [&amp#27;[39m&amp#27;[38;5;69morg.fly.cor.int.res.ResourceNameValidator&amp#27;[39m&amp#27;[38;5;188m] (&amp#27;[39m&amp#27;[38;5;71mmain&amp#27;[39m&amp#27;[38;5;188m) &amp#27;[39m&amp#27;[38;5;151mUnable to resolve location classpath:db/callback.&amp#27;[39m&amp#27;[38;5;203m&amp#27;[39m&amp#27;[38;5;227m
&amp#27;[39m&amp#27;[38;5;145m2025-06-30 15:23:35,239&amp#27;[39m&amp#27;[38;5;188m &amp#27;[39m&amp#27;[38;5;66mDEBUG&amp#27;[39m&amp#27;[38;5;188m [&amp#27;[39m&amp#27;[38;5;69morg.fly.cor.int.res.ResourceNameValidator&amp#27;[39m&amp#27;[38;5;188m] (&amp#27;[39m&amp#27;[38;5;71mmain&amp#27;[39m&amp#27;[38;5;188m) &amp#27;[39m&amp#27;[38;5;151mValidating V02__alter_table.sql&amp#27;[39m&amp#27;[38;5;203m&amp#27;[39m&amp#27;[38;5;227m
&amp#27;[39m&amp#27;[38;5;145m2025-06-30 15:23:35,240&amp#27;[39m&amp#27;[38;5;188m &amp#27;[39m&amp#27;[38;5;66mDEBUG&amp#27;[39m&amp#27;[38;5;188m [&amp#27;[39m&amp#27;[38;5;69morg.fly.cor.int.res.ResourceNameValidator&amp#27;[39m&amp#27;[38;5;188m] (&amp#27;[39m&amp#27;[38;5;71mmain&amp#27;[39m&amp#27;[38;5;188m) &amp#27;[39m&amp#27;[38;5;151mValidating V01__create_tables.sql&amp#27;[39m&amp#27;[38;5;203m&amp#27;[39m&amp#27;[38;5;227m
&amp#27;[39m&amp#27;[38;5;145m2025-06-30 15:23:35,251&amp#27;[39m&amp#27;[38;5;188m &amp#27;[39m&amp#27;[38;5;66mDEBUG&amp#27;[39m&amp#27;[38;5;188m [&amp#27;[39m&amp#27;[38;5;69morg.fly.cor.int.dat.DatabaseTypeRegister&amp#27;[39m&amp#27;[38;5;188m] (&amp#27;[39m&amp#27;[38;5;71mmain&amp#27;[39m&amp#27;[38;5;188m) &amp#27;[39m&amp#27;[38;5;151mMultiple databases found that handle url 'jdbc:postgresql://localhost:5437/bancaDB': CockroachDB,PostgreSQL&amp#27;[39m&amp#27;[38;5;203m&amp#27;[39m&amp#27;[38;5;227m
&amp#27;[39m&amp#27;[38;5;145m2025-06-30 15:23:35,251&amp#27;[39m&amp#27;[38;5;188m &amp#27;[39m&amp#27;[38;5;107mINFO &amp#27;[39m&amp#27;[38;5;188m [&amp#27;[39m&amp#27;[38;5;69morg.fly.cor.FlywayExecutor&amp#27;[39m&amp#27;[38;5;188m] (&amp#27;[39m&amp#27;[38;5;71mmain&amp#27;[39m&amp#27;[38;5;188m) &amp#27;[39m&amp#27;[38;5;151mDatabase: jdbc:postgresql://localhost:5437/bancaDB (PostgreSQL 17.5)&amp#27;[39m&amp#27;[38;5;203m&amp#27;[39m&amp#27;[38;5;227m
&amp#27;[39m&amp#27;[38;5;145m2025-06-30 15:23:35,252&amp#27;[39m&amp#27;[38;5;188m &amp#27;[39m&amp#27;[38;5;66mDEBUG&amp#27;[39m&amp#27;[38;5;188m [&amp#27;[39m&amp#27;[38;5;69morg.fly.cor.FlywayExecutor&amp#27;[39m&amp#27;[38;5;188m] (&amp#27;[39m&amp#27;[38;5;71mmain&amp#27;[39m&amp#27;[38;5;188m) &amp#27;[39m&amp#27;[38;5;151mDatabase Type: PostgreSQL&amp#27;[39m&amp#27;[38;5;203m&amp#27;[39m&amp#27;[38;5;227m
&amp#27;[39m&amp#27;[38;5;145m2025-06-30 15:23:35,252&amp#27;[39m&amp#27;[38;5;188m &amp#27;[39m&amp#27;[38;5;66mDEBUG&amp#27;[39m&amp#27;[38;5;188m [&amp#27;[39m&amp#27;[38;5;69morg.fly.cor.FlywayExecutor&amp#27;[39m&amp#27;[38;5;188m] (&amp#27;[39m&amp#27;[38;5;71mmain&amp#27;[39m&amp#27;[38;5;188m) &amp#27;[39m&amp#27;[38;5;151mDriver: PostgreSQL JDBC Driver 42.7.5&amp#27;[39m&amp#27;[38;5;203m&amp#27;[39m&amp#27;[38;5;227m
&amp#27;[39m&amp#27;[38;5;145m2025-06-30 15:23:35,253&amp#27;[39m&amp#27;[38;5;188m &amp#27;[39m&amp#27;[38;5;66mDEBUG&amp#27;[39m&amp#27;[38;5;188m [&amp#27;[39m&amp#27;[38;5;69morg.fly.cor.FlywayExecutor&amp#27;[39m&amp#27;[38;5;188m] (&amp#27;[39m&amp#27;[38;5;71mmain&amp#27;[39m&amp#27;[38;5;188m) &amp#27;[39m&amp#27;[38;5;151mDDL Transactions Supported: true&amp#27;[39m&amp#27;[38;5;203m&amp#27;[39m&amp#27;[38;5;227m
&amp#27;[39m&amp#27;[38;5;145m2025-06-30 15:23:35,254&amp#27;[39m&amp#27;[38;5;188m &amp#27;[39m&amp#27;[38;5;66mDEBUG&amp#27;[39m&amp#27;[38;5;188m [&amp#27;[39m&amp#27;[38;5;69morg.fly.cor.int.sch.SchemaHistoryFactory&amp#27;[39m&amp#27;[38;5;188m] (&amp#27;[39m&amp#27;[38;5;71mmain&amp#27;[39m&amp#27;[38;5;188m) &amp#27;[39m&amp#27;[38;5;151mSchemas: &amp#27;[39m&amp#27;[38;5;203m&amp#27;[39m&amp#27;[38;5;227m
&amp#27;[39m&amp#27;[38;5;145m2025-06-30 15:23:35,255&amp#27;[39m&amp#27;[38;5;188m &amp#27;[39m&amp#27;[38;5;66mDEBUG&amp#27;[39m&amp#27;[38;5;188m [&amp#27;[39m&amp#27;[38;5;69morg.fly.cor.int.sch.SchemaHistoryFactory&amp#27;[39m&amp#27;[38;5;188m] (&amp#27;[39m&amp#27;[38;5;71mmain&amp#27;[39m&amp#27;[38;5;188m) &amp#27;[39m&amp#27;[38;5;151mDefault schema: null&amp#27;[39m&amp#27;[38;5;203m&amp#27;[39m&amp#27;[38;5;227m
&amp#27;[39m&amp#27;[38;5;145m2025-06-30 15:23:35,303&amp#27;[39m&amp#27;[38;5;188m &amp#27;[39m&amp#27;[38;5;66mDEBUG&amp#27;[39m&amp#27;[38;5;188m [&amp#27;[39m&amp#27;[38;5;69morg.fly.cor.FlywayExecutor&amp#27;[39m&amp#27;[38;5;188m] (&amp#27;[39m&amp#27;[38;5;71mmain&amp#27;[39m&amp#27;[38;5;188m) &amp#27;[39m&amp#27;[38;5;151mScanning for script callbacks ...&amp#27;[39m&amp#27;[38;5;203m&amp#27;[39m&amp#27;[38;5;227m
&amp#27;[39m&amp#27;[38;5;145m2025-06-30 15:23:35,306&amp#27;[39m&amp#27;[38;5;188m &amp#27;[39m&amp#27;[38;5;66mDEBUG&amp#27;[39m&amp#27;[38;5;188m [&amp#27;[39m&amp#27;[38;5;69morg.fly.cor.int.cal.SqlScriptCallbackFactory&amp#27;[39m&amp#27;[38;5;188m] (&amp#27;[39m&amp#27;[38;5;71mmain&amp#27;[39m&amp#27;[38;5;188m) &amp#27;[39m&amp#27;[38;5;151mScanning for SQL callbacks ...&amp#27;[39m&amp#27;[38;5;203m&amp#27;[39m&amp#27;[38;5;227m
&amp#27;[39m&amp#27;[38;5;145m2025-06-30 15:23:35,347&amp#27;[39m&amp#27;[38;5;188m &amp#27;[39m&amp#27;[38;5;107mINFO &amp#27;[39m&amp#27;[38;5;188m [&amp#27;[39m&amp#27;[38;5;69morg.fly.cor.int.sch.JdbcTableSchemaHistory&amp#27;[39m&amp#27;[38;5;188m] (&amp#27;[39m&amp#27;[38;5;71mmain&amp#27;[39m&amp#27;[38;5;188m) &amp#27;[39m&amp#27;[38;5;151mSchema history table "public"."flyway_schema_history" does not exist yet&amp#27;[39m&amp#27;[38;5;203m&amp#27;[39m&amp#27;[38;5;227m
&amp#27;[39m&amp#27;[38;5;145m2025-06-30 15:23:35,348&amp#27;[39m&amp#27;[38;5;188m &amp#27;[39m&amp#27;[38;5;66mDEBUG&amp#27;[39m&amp#27;[38;5;188m [&amp#27;[39m&amp#27;[38;5;69morg.fly.cor.int.com.cle.CleanExecutor&amp#27;[39m&amp#27;[38;5;188m] (&amp#27;[39m&amp#27;[38;5;71mmain&amp#27;[39m&amp#27;[38;5;188m) &amp#27;[39m&amp#27;[38;5;151mDropping pre-schema database level objects...&amp#27;[39m&amp#27;[38;5;203m&amp#27;[39m&amp#27;[38;5;227m
&amp#27;[39m&amp#27;[38;5;145m2025-06-30 15:23:35,350&amp#27;[39m&amp#27;[38;5;188m &amp#27;[39m&amp#27;[38;5;107mINFO &amp#27;[39m&amp#27;[38;5;188m [&amp#27;[39m&amp#27;[38;5;69morg.fly.cor.int.com.cle.CleanExecutor&amp#27;[39m&amp#27;[38;5;188m] (&amp#27;[39m&amp#27;[38;5;71mmain&amp#27;[39m&amp#27;[38;5;188m) &amp#27;[39m&amp#27;[38;5;151mSuccessfully dropped pre-schema database level objects (execution time 00:00.001s)&amp#27;[39m&amp#27;[38;5;203m&amp#27;[39m&amp#27;[38;5;227m
&amp#27;[39m&amp#27;[38;5;145m2025-06-30 15:23:35,353&amp#27;[39m&amp#27;[38;5;188m &amp#27;[39m&amp#27;[38;5;66mDEBUG&amp#27;[39m&amp#27;[38;5;188m [&amp#27;[39m&amp#27;[38;5;69morg.fly.cor.int.com.cle.CleanExecutor&amp#27;[39m&amp#27;[38;5;188m] (&amp#27;[39m&amp#27;[38;5;71mmain&amp#27;[39m&amp#27;[38;5;188m) &amp#27;[39m&amp#27;[38;5;151mCleaning schema "public"...&amp#27;[39m&amp#27;[38;5;203m&amp#27;[39m&amp#27;[38;5;227m
&amp#27;[39m&amp#27;[38;5;145m2025-06-30 15:23:35,427&amp#27;[39m&amp#27;[38;5;188m &amp#27;[39m&amp#27;[38;5;107mINFO &amp#27;[39m&amp#27;[38;5;188m [&amp#27;[39m&amp#27;[38;5;69morg.fly.cor.int.com.cle.CleanExecutor&amp#27;[39m&amp#27;[38;5;188m] (&amp#27;[39m&amp#27;[38;5;71mmain&amp#27;[39m&amp#27;[38;5;188m) &amp#27;[39m&amp#27;[38;5;151mSuccessfully cleaned schema "public" (execution time 00:00.073s)&amp#27;[39m&amp#27;[38;5;203m&amp#27;[39m&amp#27;[38;5;227m
&amp#27;[39m&amp#27;[38;5;145m2025-06-30 15:23:35,427&amp#27;[39m&amp#27;[38;5;188m &amp#27;[39m&amp#27;[38;5;66mDEBUG&amp#27;[39m&amp#27;[38;5;188m [&amp#27;[39m&amp#27;[38;5;69morg.fly.cor.int.com.cle.CleanExecutor&amp#27;[39m&amp#27;[38;5;188m] (&amp#27;[39m&amp#27;[38;5;71mmain&amp#27;[39m&amp#27;[38;5;188m) &amp#27;[39m&amp#27;[38;5;151mCleaning schema "public"...&amp#27;[39m&amp#27;[38;5;203m&amp#27;[39m&amp#27;[38;5;227m
&amp#27;[39m&amp#27;[38;5;145m2025-06-30 15:23:35,467&amp#27;[39m&amp#27;[38;5;188m &amp#27;[39m&amp#27;[38;5;107mINFO &amp#27;[39m&amp#27;[38;5;188m [&amp#27;[39m&amp#27;[38;5;69morg.fly.cor.int.com.cle.CleanExecutor&amp#27;[39m&amp#27;[38;5;188m] (&amp#27;[39m&amp#27;[38;5;71mmain&amp#27;[39m&amp#27;[38;5;188m) &amp#27;[39m&amp#27;[38;5;151mSuccessfully cleaned schema "public" (execution time 00:00.039s)&amp#27;[39m&amp#27;[38;5;203m&amp#27;[39m&amp#27;[38;5;227m
&amp#27;[39m&amp#27;[38;5;145m2025-06-30 15:23:35,468&amp#27;[39m&amp#27;[38;5;188m &amp#27;[39m&amp#27;[38;5;66mDEBUG&amp#27;[39m&amp#27;[38;5;188m [&amp#27;[39m&amp#27;[38;5;69morg.fly.cor.int.com.cle.CleanExecutor&amp#27;[39m&amp#27;[38;5;188m] (&amp#27;[39m&amp#27;[38;5;71mmain&amp#27;[39m&amp#27;[38;5;188m) &amp#27;[39m&amp#27;[38;5;151mDropping post-schema database level objects...&amp#27;[39m&amp#27;[38;5;203m&amp#27;[39m&amp#27;[38;5;227m
&amp#27;[39m&amp#27;[38;5;145m2025-06-30 15:23:35,469&amp#27;[39m&amp#27;[38;5;188m &amp#27;[39m&amp#27;[38;5;107mINFO &amp#27;[39m&amp#27;[38;5;188m [&amp#27;[39m&amp#27;[38;5;69morg.fly.cor.int.com.cle.CleanExecutor&amp#27;[39m&amp#27;[38;5;188m] (&amp#27;[39m&amp#27;[38;5;71mmain&amp#27;[39m&amp#27;[38;5;188m) &amp#27;[39m&amp#27;[38;5;151mSuccessfully dropped post-schema database level objects (execution time 00:00.000s)&amp#27;[39m&amp#27;[38;5;203m&amp#27;[39m&amp#27;[38;5;227m
&amp#27;[39m&amp#27;[38;5;145m2025-06-30 15:23:35,524&amp#27;[39m&amp#27;[38;5;188m &amp#27;[39m&amp#27;[38;5;66mDEBUG&amp#27;[39m&amp#27;[38;5;188m [&amp#27;[39m&amp#27;[38;5;69morg.fly.cor.FlywayExecutor&amp#27;[39m&amp#27;[38;5;188m] (&amp#27;[39m&amp#27;[38;5;71mmain&amp#27;[39m&amp#27;[38;5;188m) &amp#27;[39m&amp#27;[38;5;151mMemory usage: 222 of 270M&amp#27;[39m&amp#27;[38;5;203m&amp#27;[39m&amp#27;[38;5;227m
&amp#27;[39m&amp#27;[38;5;145m2025-06-30 15:23:35,530&amp#27;[39m&amp#27;[38;5;188m &amp#27;[39m&amp#27;[38;5;66mDEBUG&amp#27;[39m&amp#27;[38;5;188m [&amp#27;[39m&amp#27;[38;5;69morg.fly.cor.int.res.ResourceNameValidator&amp#27;[39m&amp#27;[38;5;188m] (&amp#27;[39m&amp#27;[38;5;71mmain&amp#27;[39m&amp#27;[38;5;188m) &amp#27;[39m&amp#27;[38;5;151mValidating V02__alter_table.sql&amp#27;[39m&amp#27;[38;5;203m&amp#27;[39m&amp#27;[38;5;227m
&amp#27;[39m&amp#27;[38;5;145m2025-06-30 15:23:35,530&amp#27;[39m&amp#27;[38;5;188m &amp#27;[39m&amp#27;[38;5;66mDEBUG&amp#27;[39m&amp#27;[38;5;188m [&amp#27;[39m&amp#27;[38;5;69morg.fly.cor.int.res.ResourceNameValidator&amp#27;[39m&amp#27;[38;5;188m] (&amp#27;[39m&amp#27;[38;5;71mmain&amp#27;[39m&amp#27;[38;5;188m) &amp#27;[39m&amp#27;[38;5;151mValidating V01__create_tables.sql&amp#27;[39m&amp#27;[38;5;203m&amp#27;[39m&amp#27;[38;5;227m
&amp#27;[39m&amp#27;[38;5;145m2025-06-30 15:23:35,530&amp#27;[39m&amp#27;[38;5;188m &amp#27;[39m&amp#27;[38;5;66mDEBUG&amp#27;[39m&amp#27;[38;5;188m [&amp#27;[39m&amp#27;[38;5;69morg.fly.cor.FlywayExecutor&amp#27;[39m&amp#27;[38;5;188m] (&amp#27;[39m&amp#27;[38;5;71mmain&amp#27;[39m&amp#27;[38;5;188m) &amp#27;[39m&amp#27;[38;5;151mDDL Transactions Supported: true&amp#27;[39m&amp#27;[38;5;203m&amp#27;[39m&amp#27;[38;5;227m
&amp#27;[39m&amp#27;[38;5;145m2025-06-30 15:23:35,531&amp#27;[39m&amp#27;[38;5;188m &amp#27;[39m&amp#27;[38;5;66mDEBUG&amp#27;[39m&amp#27;[38;5;188m [&amp#27;[39m&amp#27;[38;5;69morg.fly.cor.int.sch.SchemaHistoryFactory&amp#27;[39m&amp#27;[38;5;188m] (&amp#27;[39m&amp#27;[38;5;71mmain&amp#27;[39m&amp#27;[38;5;188m) &amp#27;[39m&amp#27;[38;5;151mSchemas: &amp#27;[39m&amp#27;[38;5;203m&amp#27;[39m&amp#27;[38;5;227m
&amp#27;[39m&amp#27;[38;5;145m2025-06-30 15:23:35,531&amp#27;[39m&amp#27;[38;5;188m &amp#27;[39m&amp#27;[38;5;66mDEBUG&amp#27;[39m&amp#27;[38;5;188m [&amp#27;[39m&amp#27;[38;5;69morg.fly.cor.int.sch.SchemaHistoryFactory&amp#27;[39m&amp#27;[38;5;188m] (&amp#27;[39m&amp#27;[38;5;71mmain&amp#27;[39m&amp#27;[38;5;188m) &amp#27;[39m&amp#27;[38;5;151mDefault schema: null&amp#27;[39m&amp#27;[38;5;203m&amp#27;[39m&amp#27;[38;5;227m
&amp#27;[39m&amp#27;[38;5;145m2025-06-30 15:23:35,550&amp#27;[39m&amp#27;[38;5;188m &amp#27;[39m&amp#27;[38;5;66mDEBUG&amp#27;[39m&amp#27;[38;5;188m [&amp#27;[39m&amp#27;[38;5;69morg.fly.cor.FlywayExecutor&amp#27;[39m&amp#27;[38;5;188m] (&amp#27;[39m&amp#27;[38;5;71mmain&amp#27;[39m&amp#27;[38;5;188m) &amp#27;[39m&amp#27;[38;5;151mScanning for script callbacks ...&amp#27;[39m&amp#27;[38;5;203m&amp#27;[39m&amp#27;[38;5;227m
&amp#27;[39m&amp#27;[38;5;145m2025-06-30 15:23:35,551&amp#27;[39m&amp#27;[38;5;188m &amp#27;[39m&amp#27;[38;5;66mDEBUG&amp#27;[39m&amp#27;[38;5;188m [&amp#27;[39m&amp#27;[38;5;69morg.fly.cor.int.cal.SqlScriptCallbackFactory&amp#27;[39m&amp#27;[38;5;188m] (&amp#27;[39m&amp#27;[38;5;71mmain&amp#27;[39m&amp#27;[38;5;188m) &amp#27;[39m&amp#27;[38;5;151mScanning for SQL callbacks ...&amp#27;[39m&amp#27;[38;5;203m&amp#27;[39m&amp#27;[38;5;227m
&amp#27;[39m&amp#27;[38;5;145m2025-06-30 15:23:35,555&amp#27;[39m&amp#27;[38;5;188m &amp#27;[39m&amp#27;[38;5;66mDEBUG&amp#27;[39m&amp#27;[38;5;188m [&amp#27;[39m&amp#27;[38;5;69morg.fly.cor.int.com.DbSchemas&amp#27;[39m&amp#27;[38;5;188m] (&amp#27;[39m&amp#27;[38;5;71mmain&amp#27;[39m&amp#27;[38;5;188m) &amp#27;[39m&amp#27;[38;5;151mSkipping creation of existing schema: "public"&amp#27;[39m&amp#27;[38;5;203m&amp#27;[39m&amp#27;[38;5;227m
&amp#27;[39m&amp#27;[38;5;145m2025-06-30 15:23:35,571&amp#27;[39m&amp#27;[38;5;188m &amp#27;[39m&amp#27;[38;5;107mINFO &amp#27;[39m&amp#27;[38;5;188m [&amp#27;[39m&amp#27;[38;5;69morg.fly.cor.Flyway&amp#27;[39m&amp#27;[38;5;188m] (&amp#27;[39m&amp#27;[38;5;71mmain&amp#27;[39m&amp#27;[38;5;188m) &amp#27;[39m&amp#27;[38;5;151mAll configured schemas are empty; baseline operation skipped. A baseline or migration script with a lower version than the baseline version may execute if available. Check the Schemas parameter if this is not intended.&amp#27;[39m&amp#27;[38;5;203m&amp#27;[39m&amp#27;[38;5;227m
&amp#27;[39m&amp#27;[38;5;145m2025-06-30 15:23:35,584&amp#27;[39m&amp#27;[38;5;188m &amp#27;[39m&amp#27;[38;5;107mINFO &amp#27;[39m&amp#27;[38;5;188m [&amp#27;[39m&amp#27;[38;5;69morg.fly.cor.int.sch.JdbcTableSchemaHistory&amp#27;[39m&amp#27;[38;5;188m] (&amp#27;[39m&amp#27;[38;5;71mmain&amp#27;[39m&amp#27;[38;5;188m) &amp#27;[39m&amp#27;[38;5;151mCreating Schema History table "public"."flyway_schema_history" ...&amp#27;[39m&amp#27;[38;5;203m&amp#27;[39m&amp#27;[38;5;227m
&amp#27;[39m&amp#27;[38;5;145m2025-06-30 15:23:35,595&amp#27;[39m&amp#27;[38;5;188m &amp#27;[39m&amp#27;[38;5;66mDEBUG&amp#27;[39m&amp#27;[38;5;188m [&amp#27;[39m&amp#27;[38;5;69morg.fly.cor.int.par.Parser&amp#27;[39m&amp#27;[38;5;188m] (&amp#27;[39m&amp#27;[38;5;71mmain&amp#27;[39m&amp#27;[38;5;188m) &amp#27;[39m&amp#27;[38;5;151mParsing  ...&amp#27;[39m&amp#27;[38;5;203m&amp#27;[39m&amp#27;[38;5;227m
&amp#27;[39m&amp#27;[38;5;145m2025-06-30 15:23:35,608&amp#27;[39m&amp#27;[38;5;188m &amp#27;[39m&amp#27;[38;5;66mDEBUG&amp#27;[39m&amp#27;[38;5;188m [&amp#27;[39m&amp#27;[38;5;69morg.fly.cor.int.sql.ParserSqlScript&amp#27;[39m&amp#27;[38;5;188m] (&amp#27;[39m&amp#27;[38;5;71mmain&amp#27;[39m&amp#27;[38;5;188m) &amp#27;[39m&amp#27;[38;5;151mFound statement at line 1: CREATE TABLE "public"."flyway_schema_history" (
    "installed_rank" INT NOT NULL,
    "version" VARCHAR(50),
    "description" VARCHAR(200) NOT NULL,
    "type" VARCHAR(20) NOT NULL,
    "script" VARCHAR(1000) NOT NULL,
    "checksum" INTEGER,
    "installed_by" VARCHAR(100) NOT NULL,
    "installed_on" TIMESTAMP NOT NULL DEFAULT now(),
    "execution_time" INTEGER NOT NULL,
    "success" BOOLEAN NOT NULL
)&amp#27;[39m&amp#27;[38;5;203m&amp#27;[39m&amp#27;[38;5;227m
&amp#27;[39m&amp#27;[38;5;145m2025-06-30 15:23:35,609&amp#27;[39m&amp#27;[38;5;188m &amp#27;[39m&amp#27;[38;5;66mDEBUG&amp#27;[39m&amp#27;[38;5;188m [&amp#27;[39m&amp#27;[38;5;69morg.fly.cor.int.sql.ParserSqlScript&amp#27;[39m&amp#27;[38;5;188m] (&amp#27;[39m&amp#27;[38;5;71mmain&amp#27;[39m&amp#27;[38;5;188m) &amp#27;[39m&amp#27;[38;5;151mFound statement at line 13: ALTER TABLE "public"."flyway_schema_history" ADD CONSTRAINT "flyway_schema_history_pk" PRIMARY KEY ("installed_rank")&amp#27;[39m&amp#27;[38;5;203m&amp#27;[39m&amp#27;[38;5;227m
&amp#27;[39m&amp#27;[38;5;145m2025-06-30 15:23:35,610&amp#27;[39m&amp#27;[38;5;188m &amp#27;[39m&amp#27;[38;5;66mDEBUG&amp#27;[39m&amp#27;[38;5;188m [&amp#27;[39m&amp#27;[38;5;69morg.fly.cor.int.sql.ParserSqlScript&amp#27;[39m&amp#27;[38;5;188m] (&amp#27;[39m&amp#27;[38;5;71mmain&amp#27;[39m&amp#27;[38;5;188m) &amp#27;[39m&amp#27;[38;5;151mFound statement at line 14: CREATE INDEX "flyway_schema_history_s_idx" ON "public"."flyway_schema_history" ("success")&amp#27;[39m&amp#27;[38;5;203m&amp#27;[39m&amp#27;[38;5;227m
&amp#27;[39m&amp#27;[38;5;145m2025-06-30 15:23:35,611&amp#27;[39m&amp#27;[38;5;188m &amp#27;[39m&amp#27;[38;5;66mDEBUG&amp#27;[39m&amp#27;[38;5;188m [&amp#27;[39m&amp#27;[38;5;69morg.fly.cor.int.sql.DefaultSqlScriptExecutor&amp#27;[39m&amp#27;[38;5;188m] (&amp#27;[39m&amp#27;[38;5;71mmain&amp#27;[39m&amp#27;[38;5;188m) &amp#27;[39m&amp#27;[38;5;151mExecuting SQL: CREATE TABLE "public"."flyway_schema_history" (
    "installed_rank" INT NOT NULL,
    "version" VARCHAR(50),
    "description" VARCHAR(200) NOT NULL,
    "type" VARCHAR(20) NOT NULL,
    "script" VARCHAR(1000) NOT NULL,
    "checksum" INTEGER,
    "installed_by" VARCHAR(100) NOT NULL,
    "installed_on" TIMESTAMP NOT NULL DEFAULT now(),
    "execution_time" INTEGER NOT NULL,
    "success" BOOLEAN NOT NULL
)&amp#27;[39m&amp#27;[38;5;203m&amp#27;[39m&amp#27;[38;5;227m
&amp#27;[39m&amp#27;[38;5;145m2025-06-30 15:23:35,640&amp#27;[39m&amp#27;[38;5;188m &amp#27;[39m&amp#27;[38;5;66mDEBUG&amp#27;[39m&amp#27;[38;5;188m [&amp#27;[39m&amp#27;[38;5;69morg.fly.cor.int.sql.DefaultSqlScriptExecutor&amp#27;[39m&amp#27;[38;5;188m] (&amp#27;[39m&amp#27;[38;5;71mmain&amp#27;[39m&amp#27;[38;5;188m) &amp#27;[39m&amp#27;[38;5;151m0 rows affected&amp#27;[39m&amp#27;[38;5;203m&amp#27;[39m&amp#27;[38;5;227m
&amp#27;[39m&amp#27;[38;5;145m2025-06-30 15:23:35,640&amp#27;[39m&amp#27;[38;5;188m &amp#27;[39m&amp#27;[38;5;66mDEBUG&amp#27;[39m&amp#27;[38;5;188m [&amp#27;[39m&amp#27;[38;5;69morg.fly.cor.int.sql.DefaultSqlScriptExecutor&amp#27;[39m&amp#27;[38;5;188m] (&amp#27;[39m&amp#27;[38;5;71mmain&amp#27;[39m&amp#27;[38;5;188m) &amp#27;[39m&amp#27;[38;5;151mExecuting SQL: ALTER TABLE "public"."flyway_schema_history" ADD CONSTRAINT "flyway_schema_history_pk" PRIMARY KEY ("installed_rank")&amp#27;[39m&amp#27;[38;5;203m&amp#27;[39m&amp#27;[38;5;227m
&amp#27;[39m&amp#27;[38;5;145m2025-06-30 15:23:35,651&amp#27;[39m&amp#27;[38;5;188m &amp#27;[39m&amp#27;[38;5;66mDEBUG&amp#27;[39m&amp#27;[38;5;188m [&amp#27;[39m&amp#27;[38;5;69morg.fly.cor.int.sql.DefaultSqlScriptExecutor&amp#27;[39m&amp#27;[38;5;188m] (&amp#27;[39m&amp#27;[38;5;71mmain&amp#27;[39m&amp#27;[38;5;188m) &amp#27;[39m&amp#27;[38;5;151m0 rows affected&amp#27;[39m&amp#27;[38;5;203m&amp#27;[39m&amp#27;[38;5;227m
&amp#27;[39m&amp#27;[38;5;145m2025-06-30 15:23:35,651&amp#27;[39m&amp#27;[38;5;188m &amp#27;[39m&amp#27;[38;5;66mDEBUG&amp#27;[39m&amp#27;[38;5;188m [&amp#27;[39m&amp#27;[38;5;69morg.fly.cor.int.sql.DefaultSqlScriptExecutor&amp#27;[39m&amp#27;[38;5;188m] (&amp#27;[39m&amp#27;[38;5;71mmain&amp#27;[39m&amp#27;[38;5;188m) &amp#27;[39m&amp#27;[38;5;151mExecuting SQL: CREATE INDEX "flyway_schema_history_s_idx" ON "public"."flyway_schema_history" ("success")&amp#27;[39m&amp#27;[38;5;203m&amp#27;[39m&amp#27;[38;5;227m
&amp#27;[39m&amp#27;[38;5;145m2025-06-30 15:23:35,655&amp#27;[39m&amp#27;[38;5;188m &amp#27;[39m&amp#27;[38;5;66mDEBUG&amp#27;[39m&amp#27;[38;5;188m [&amp#27;[39m&amp#27;[38;5;69morg.fly.cor.int.sql.DefaultSqlScriptExecutor&amp#27;[39m&amp#27;[38;5;188m] (&amp#27;[39m&amp#27;[38;5;71mmain&amp#27;[39m&amp#27;[38;5;188m) &amp#27;[39m&amp#27;[38;5;151m0 rows affected&amp#27;[39m&amp#27;[38;5;203m&amp#27;[39m&amp#27;[38;5;227m
&amp#27;[39m&amp#27;[38;5;145m2025-06-30 15:23:35,656&amp#27;[39m&amp#27;[38;5;188m &amp#27;[39m&amp#27;[38;5;66mDEBUG&amp#27;[39m&amp#27;[38;5;188m [&amp#27;[39m&amp#27;[38;5;69morg.fly.cor.int.sch.JdbcTableSchemaHistory&amp#27;[39m&amp#27;[38;5;188m] (&amp#27;[39m&amp#27;[38;5;71mmain&amp#27;[39m&amp#27;[38;5;188m) &amp#27;[39m&amp#27;[38;5;151mCreated Schema History table "public"."flyway_schema_history"&amp#27;[39m&amp#27;[38;5;203m&amp#27;[39m&amp#27;[38;5;227m
&amp#27;[39m&amp#27;[38;5;145m2025-06-30 15:23:35,689&amp#27;[39m&amp#27;[38;5;188m &amp#27;[39m&amp#27;[38;5;66mDEBUG&amp#27;[39m&amp#27;[38;5;188m [&amp#27;[39m&amp#27;[38;5;69morg.fly.cor.api.con.ClassicConfiguration&amp#27;[39m&amp#27;[38;5;188m] (&amp#27;[39m&amp#27;[38;5;71mmain&amp#27;[39m&amp#27;[38;5;188m) &amp#27;[39m&amp#27;[38;5;151mCherryPickConfigurationExtension not found&amp#27;[39m&amp#27;[38;5;203m&amp#27;[39m&amp#27;[38;5;227m
&amp#27;[39m&amp#27;[38;5;145m2025-06-30 15:23:35,714&amp#27;[39m&amp#27;[38;5;188m &amp#27;[39m&amp#27;[38;5;66mDEBUG&amp#27;[39m&amp#27;[38;5;188m [&amp#27;[39m&amp#27;[38;5;69mio.qua.fly.run.FlywayRecorder&amp#27;[39m&amp#27;[38;5;188m] (&amp#27;[39m&amp#27;[38;5;71mmain&amp#27;[39m&amp#27;[38;5;188m) &amp#27;[39m&amp#27;[38;5;151mFiltering out resource: db/migration/V02__alter_table.sql (filename: V02__alter_table.sql)&amp#27;[39m&amp#27;[38;5;203m&amp#27;[39m&amp#27;[38;5;227m
&amp#27;[39m&amp#27;[38;5;145m2025-06-30 15:23:35,714&amp#27;[39m&amp#27;[38;5;188m &amp#27;[39m&amp#27;[38;5;66mDEBUG&amp#27;[39m&amp#27;[38;5;188m [&amp#27;[39m&amp#27;[38;5;69mio.qua.fly.run.FlywayRecorder&amp#27;[39m&amp#27;[38;5;188m] (&amp#27;[39m&amp#27;[38;5;71mmain&amp#27;[39m&amp#27;[38;5;188m) &amp#27;[39m&amp#27;[38;5;151mFiltering out resource: db/migration/V01__create_tables.sql (filename: V01__create_tables.sql)&amp#27;[39m&amp#27;[38;5;203m&amp#27;[39m&amp#27;[38;5;227m
&amp#27;[39m&amp#27;[38;5;145m2025-06-30 15:23:35,715&amp#27;[39m&amp#27;[38;5;188m &amp#27;[39m&amp#27;[38;5;66mDEBUG&amp#27;[39m&amp#27;[38;5;188m [&amp#27;[39m&amp#27;[38;5;69mio.qua.fly.run.FlywayRecorder&amp#27;[39m&amp#27;[38;5;188m] (&amp#27;[39m&amp#27;[38;5;71mmain&amp#27;[39m&amp#27;[38;5;188m) &amp#27;[39m&amp#27;[38;5;151mFiltering out resource: db/migration/V02__alter_table.sql (filename: V02__alter_table.sql)&amp#27;[39m&amp#27;[38;5;203m&amp#27;[39m&amp#27;[38;5;227m
&amp#27;[39m&amp#27;[38;5;145m2025-06-30 15:23:35,716&amp#27;[39m&amp#27;[38;5;188m &amp#27;[39m&amp#27;[38;5;66mDEBUG&amp#27;[39m&amp#27;[38;5;188m [&amp#27;[39m&amp#27;[38;5;69mio.qua.fly.run.FlywayRecorder&amp#27;[39m&amp#27;[38;5;188m] (&amp#27;[39m&amp#27;[38;5;71mmain&amp#27;[39m&amp#27;[38;5;188m) &amp#27;[39m&amp#27;[38;5;151mFiltering out resource: db/migration/V01__create_tables.sql (filename: V01__create_tables.sql)&amp#27;[39m&amp#27;[38;5;203m&amp#27;[39m&amp#27;[38;5;227m
&amp#27;[39m&amp#27;[38;5;145m2025-06-30 15:23:35,717&amp#27;[39m&amp#27;[38;5;188m &amp#27;[39m&amp#27;[38;5;66mDEBUG&amp#27;[39m&amp#27;[38;5;188m [&amp#27;[39m&amp#27;[38;5;69mio.qua.fly.run.FlywayRecorder&amp#27;[39m&amp#27;[38;5;188m] (&amp#27;[39m&amp#27;[38;5;71mmain&amp#27;[39m&amp#27;[38;5;188m) &amp#27;[39m&amp#27;[38;5;151mFiltering out resource: db/migration/V02__alter_table.sql (filename: V02__alter_table.sql)&amp#27;[39m&amp#27;[38;5;203m&amp#27;[39m&amp#27;[38;5;227m
&amp#27;[39m&amp#27;[38;5;145m2025-06-30 15:23:35,718&amp#27;[39m&amp#27;[38;5;188m &amp#27;[39m&amp#27;[38;5;66mDEBUG&amp#27;[39m&amp#27;[38;5;188m [&amp#27;[39m&amp#27;[38;5;69mio.qua.fly.run.FlywayRecorder&amp#27;[39m&amp#27;[38;5;188m] (&amp#27;[39m&amp#27;[38;5;71mmain&amp#27;[39m&amp#27;[38;5;188m) &amp#27;[39m&amp#27;[38;5;151mFiltering out resource: db/migration/V01__create_tables.sql (filename: V01__create_tables.sql)&amp#27;[39m&amp#27;[38;5;203m&amp#27;[39m&amp#27;[38;5;227m
&amp#27;[39m&amp#27;[38;5;145m2025-06-30 15:23:35,718&amp#27;[39m&amp#27;[38;5;188m &amp#27;[39m&amp#27;[38;5;66mDEBUG&amp#27;[39m&amp#27;[38;5;188m [&amp#27;[39m&amp#27;[38;5;69mio.qua.fly.run.FlywayRecorder&amp#27;[39m&amp#27;[38;5;188m] (&amp#27;[39m&amp#27;[38;5;71mmain&amp#27;[39m&amp#27;[38;5;188m) &amp#27;[39m&amp#27;[38;5;151mFiltering out resource: db/migration/V02__alter_table.sql (filename: V02__alter_table.sql)&amp#27;[39m&amp#27;[38;5;203m&amp#27;[39m&amp#27;[38;5;227m
&amp#27;[39m&amp#27;[38;5;145m2025-06-30 15:23:35,719&amp#27;[39m&amp#27;[38;5;188m &amp#27;[39m&amp#27;[38;5;66mDEBUG&amp#27;[39m&amp#27;[38;5;188m [&amp#27;[39m&amp#27;[38;5;69mio.qua.fly.run.FlywayRecorder&amp#27;[39m&amp#27;[38;5;188m] (&amp#27;[39m&amp#27;[38;5;71mmain&amp#27;[39m&amp#27;[38;5;188m) &amp#27;[39m&amp#27;[38;5;151mFiltering out resource: db/migration/V01__create_tables.sql (filename: V01__create_tables.sql)&amp#27;[39m&amp#27;[38;5;203m&amp#27;[39m&amp#27;[38;5;227m
&amp#27;[39m&amp#27;[38;5;145m2025-06-30 15:23:35,735&amp#27;[39m&amp#27;[38;5;188m &amp#27;[39m&amp#27;[38;5;107mINFO &amp#27;[39m&amp#27;[38;5;188m [&amp#27;[39m&amp#27;[38;5;69morg.fly.cor.int.com.DbMigrate&amp#27;[39m&amp#27;[38;5;188m] (&amp#27;[39m&amp#27;[38;5;71mmain&amp#27;[39m&amp#27;[38;5;188m) &amp#27;[39m&amp#27;[38;5;151mCurrent version of schema "public": << Empty Schema >>&amp#27;[39m&amp#27;[38;5;203m&amp#27;[39m&amp#27;[38;5;227m
&amp#27;[39m&amp#27;[38;5;145m2025-06-30 15:23:35,737&amp#27;[39m&amp#27;[38;5;188m &amp#27;[39m&amp#27;[38;5;66mDEBUG&amp#27;[39m&amp#27;[38;5;188m [&amp#27;[39m&amp#27;[38;5;69morg.fly.cor.int.par.Parser&amp#27;[39m&amp#27;[38;5;188m] (&amp#27;[39m&amp#27;[38;5;71mmain&amp#27;[39m&amp#27;[38;5;188m) &amp#27;[39m&amp#27;[38;5;151mParsing V01__create_tables.sql ...&amp#27;[39m&amp#27;[38;5;203m&amp#27;[39m&amp#27;[38;5;227m
&amp#27;[39m&amp#27;[38;5;145m2025-06-30 15:23:35,741&amp#27;[39m&amp#27;[38;5;188m &amp#27;[39m&amp#27;[38;5;66mDEBUG&amp#27;[39m&amp#27;[38;5;188m [&amp#27;[39m&amp#27;[38;5;69morg.fly.cor.int.sql.ParserSqlScript&amp#27;[39m&amp#27;[38;5;188m] (&amp#27;[39m&amp#27;[38;5;71mmain&amp#27;[39m&amp#27;[38;5;188m) &amp#27;[39m&amp#27;[38;5;151mFound statement at line 1: CREATE TABLE regola_classificazione (
    id BIGSERIAL PRIMARY KEY,
    parola_chiave TEXT NOT NULL,
    center VARCHAR(20) NOT NULL CHECK (center IN ('COSTO', 'PROFITTO'))
)&amp#27;[39m&amp#27;[38;5;203m&amp#27;[39m&amp#27;[38;5;227m
&amp#27;[39m&amp#27;[38;5;145m2025-06-30 15:23:35,744&amp#27;[39m&amp#27;[38;5;188m &amp#27;[39m&amp#27;[38;5;66mDEBUG&amp#27;[39m&amp#27;[38;5;188m [&amp#27;[39m&amp#27;[38;5;69morg.fly.cor.int.sql.ParserSqlScript&amp#27;[39m&amp#27;[38;5;188m] (&amp#27;[39m&amp#27;[38;5;71mmain&amp#27;[39m&amp#27;[38;5;188m) &amp#27;[39m&amp#27;[38;5;151mFound statement at line 7: CREATE TABLE transaction (
    id BIGSERIAL PRIMARY KEY,
    transaction_id TEXT,
    booking_date TIMESTAMPTZ,
    value_date TIMESTAMPTZ,
    currency VARCHAR(10),
    amount NUMERIC,
    remittance_information TEXT,
    creditor_name TEXT,
    debtor_name TEXT,
    bank_transaction_code TEXT,
    additional_information TEXT,
    proprietary_bank_transaction_code TEXT,
    account_id TEXT,
    center VARCHAR(20) NOT NULL CHECK (center IN ('COSTO', 'PROFITTO'))
)&amp#27;[39m&amp#27;[38;5;203m&amp#27;[39m&amp#27;[38;5;227m
&amp#27;[39m&amp#27;[38;5;145m2025-06-30 15:23:35,746&amp#27;[39m&amp#27;[38;5;188m &amp#27;[39m&amp#27;[38;5;66mDEBUG&amp#27;[39m&amp#27;[38;5;188m [&amp#27;[39m&amp#27;[38;5;69morg.fly.cor.int.com.DbMigrate&amp#27;[39m&amp#27;[38;5;188m] (&amp#27;[39m&amp#27;[38;5;71mmain&amp#27;[39m&amp#27;[38;5;188m) &amp#27;[39m&amp#27;[38;5;151mStarting migration of schema "public" to version "01 - create tables" ...&amp#27;[39m&amp#27;[38;5;203m&amp#27;[39m&amp#27;[38;5;227m
&amp#27;[39m&amp#27;[38;5;145m2025-06-30 15:23:35,754&amp#27;[39m&amp#27;[38;5;188m &amp#27;[39m&amp#27;[38;5;107mINFO &amp#27;[39m&amp#27;[38;5;188m [&amp#27;[39m&amp#27;[38;5;69morg.fly.cor.int.com.DbMigrate&amp#27;[39m&amp#27;[38;5;188m] (&amp#27;[39m&amp#27;[38;5;71mmain&amp#27;[39m&amp#27;[38;5;188m) &amp#27;[39m&amp#27;[38;5;151mMigrating schema "public" to version "01 - create tables"&amp#27;[39m&amp#27;[38;5;203m&amp#27;[39m&amp#27;[38;5;227m
&amp#27;[39m&amp#27;[38;5;145m2025-06-30 15:23:35,759&amp#27;[39m&amp#27;[38;5;188m &amp#27;[39m&amp#27;[38;5;66mDEBUG&amp#27;[39m&amp#27;[38;5;188m [&amp#27;[39m&amp#27;[38;5;69morg.fly.cor.int.sql.DefaultSqlScriptExecutor&amp#27;[39m&amp#27;[38;5;188m] (&amp#27;[39m&amp#27;[38;5;71mmain&amp#27;[39m&amp#27;[38;5;188m) &amp#27;[39m&amp#27;[38;5;151mExecuting SQL: CREATE TABLE regola_classificazione (
    id BIGSERIAL PRIMARY KEY,
    parola_chiave TEXT NOT NULL,
    center VARCHAR(20) NOT NULL CHECK (center IN ('COSTO', 'PROFITTO'))
)&amp#27;[39m&amp#27;[38;5;203m&amp#27;[39m&amp#27;[38;5;227m
&amp#27;[39m&amp#27;[38;5;145m2025-06-30 15:23:35,769&amp#27;[39m&amp#27;[38;5;188m &amp#27;[39m&amp#27;[38;5;66mDEBUG&amp#27;[39m&amp#27;[38;5;188m [&amp#27;[39m&amp#27;[38;5;69morg.fly.cor.int.sql.DefaultSqlScriptExecutor&amp#27;[39m&amp#27;[38;5;188m] (&amp#27;[39m&amp#27;[38;5;71mmain&amp#27;[39m&amp#27;[38;5;188m) &amp#27;[39m&amp#27;[38;5;151m0 rows affected&amp#27;[39m&amp#27;[38;5;203m&amp#27;[39m&amp#27;[38;5;227m
&amp#27;[39m&amp#27;[38;5;145m2025-06-30 15:23:35,769&amp#27;[39m&amp#27;[38;5;188m &amp#27;[39m&amp#27;[38;5;66mDEBUG&amp#27;[39m&amp#27;[38;5;188m [&amp#27;[39m&amp#27;[38;5;69morg.fly.cor.int.sql.DefaultSqlScriptExecutor&amp#27;[39m&amp#27;[38;5;188m] (&amp#27;[39m&amp#27;[38;5;71mmain&amp#27;[39m&amp#27;[38;5;188m) &amp#27;[39m&amp#27;[38;5;151mExecuting SQL: CREATE TABLE transaction (
    id BIGSERIAL PRIMARY KEY,
    transaction_id TEXT,
    booking_date TIMESTAMPTZ,
    value_date TIMESTAMPTZ,
    currency VARCHAR(10),
    amount NUMERIC,
    remittance_information TEXT,
    creditor_name TEXT,
    debtor_name TEXT,
    bank_transaction_code TEXT,
    additional_information TEXT,
    proprietary_bank_transaction_code TEXT,
    account_id TEXT,
    center VARCHAR(20) NOT NULL CHECK (center IN ('COSTO', 'PROFITTO'))
)&amp#27;[39m&amp#27;[38;5;203m&amp#27;[39m&amp#27;[38;5;227m
&amp#27;[39m&amp#27;[38;5;145m2025-06-30 15:23:35,776&amp#27;[39m&amp#27;[38;5;188m &amp#27;[39m&amp#27;[38;5;66mDEBUG&amp#27;[39m&amp#27;[38;5;188m [&amp#27;[39m&amp#27;[38;5;69morg.fly.cor.int.sql.DefaultSqlScriptExecutor&amp#27;[39m&amp#27;[38;5;188m] (&amp#27;[39m&amp#27;[38;5;71mmain&amp#27;[39m&amp#27;[38;5;188m) &amp#27;[39m&amp#27;[38;5;151m0 rows affected&amp#27;[39m&amp#27;[38;5;203m&amp#27;[39m&amp#27;[38;5;227m
&amp#27;[39m&amp#27;[38;5;145m2025-06-30 15:23:35,777&amp#27;[39m&amp#27;[38;5;188m &amp#27;[39m&amp#27;[38;5;66mDEBUG&amp#27;[39m&amp#27;[38;5;188m [&amp#27;[39m&amp#27;[38;5;69morg.fly.cor.int.com.DbMigrate&amp#27;[39m&amp#27;[38;5;188m] (&amp#27;[39m&amp#27;[38;5;71mmain&amp#27;[39m&amp#27;[38;5;188m) &amp#27;[39m&amp#27;[38;5;151mSuccessfully completed migration of schema "public" to version "01 - create tables"&amp#27;[39m&amp#27;[38;5;203m&amp#27;[39m&amp#27;[38;5;227m
&amp#27;[39m&amp#27;[38;5;145m2025-06-30 15:23:35,796&amp#27;[39m&amp#27;[38;5;188m &amp#27;[39m&amp#27;[38;5;66mDEBUG&amp#27;[39m&amp#27;[38;5;188m [&amp#27;[39m&amp#27;[38;5;69morg.fly.cor.int.sch.JdbcTableSchemaHistory&amp#27;[39m&amp#27;[38;5;188m] (&amp#27;[39m&amp#27;[38;5;71mmain&amp#27;[39m&amp#27;[38;5;188m) &amp#27;[39m&amp#27;[38;5;151mSchema History table "public"."flyway_schema_history" successfully updated to reflect changes&amp#27;[39m&amp#27;[38;5;203m&amp#27;[39m&amp#27;[38;5;227m
&amp#27;[39m&amp#27;[38;5;145m2025-06-30 15:23:35,812&amp#27;[39m&amp#27;[38;5;188m &amp#27;[39m&amp#27;[38;5;66mDEBUG&amp#27;[39m&amp#27;[38;5;188m [&amp#27;[39m&amp#27;[38;5;69morg.fly.cor.api.con.ClassicConfiguration&amp#27;[39m&amp#27;[38;5;188m] (&amp#27;[39m&amp#27;[38;5;71mmain&amp#27;[39m&amp#27;[38;5;188m) &amp#27;[39m&amp#27;[38;5;151mCherryPickConfigurationExtension not found&amp#27;[39m&amp#27;[38;5;203m&amp#27;[39m&amp#27;[38;5;227m
&amp#27;[39m&amp#27;[38;5;145m2025-06-30 15:23:35,824&amp#27;[39m&amp#27;[38;5;188m &amp#27;[39m&amp#27;[38;5;66mDEBUG&amp#27;[39m&amp#27;[38;5;188m [&amp#27;[39m&amp#27;[38;5;69morg.fly.cor.int.par.Parser&amp#27;[39m&amp#27;[38;5;188m] (&amp#27;[39m&amp#27;[38;5;71mmain&amp#27;[39m&amp#27;[38;5;188m) &amp#27;[39m&amp#27;[38;5;151mParsing V02__alter_table.sql ...&amp#27;[39m&amp#27;[38;5;203m&amp#27;[39m&amp#27;[38;5;227m
&amp#27;[39m&amp#27;[38;5;145m2025-06-30 15:23:35,827&amp#27;[39m&amp#27;[38;5;188m &amp#27;[39m&amp#27;[38;5;66mDEBUG&amp#27;[39m&amp#27;[38;5;188m [&amp#27;[39m&amp#27;[38;5;69morg.fly.cor.int.sql.ParserSqlScript&amp#27;[39m&amp#27;[38;5;188m] (&amp#27;[39m&amp#27;[38;5;71mmain&amp#27;[39m&amp#27;[38;5;188m) &amp#27;[39m&amp#27;[38;5;151mFound statement at line 1: ALTER TABLE regola_classificazione
ADD COLUMN json_rule TEXT&amp#27;[39m&amp#27;[38;5;203m&amp#27;[39m&amp#27;[38;5;227m
&amp#27;[39m&amp#27;[38;5;145m2025-06-30 15:23:35,828&amp#27;[39m&amp#27;[38;5;188m &amp#27;[39m&amp#27;[38;5;66mDEBUG&amp#27;[39m&amp#27;[38;5;188m [&amp#27;[39m&amp#27;[38;5;69morg.fly.cor.int.sql.ParserSqlScript&amp#27;[39m&amp#27;[38;5;188m] (&amp#27;[39m&amp#27;[38;5;71mmain&amp#27;[39m&amp#27;[38;5;188m) &amp#27;[39m&amp#27;[38;5;151mFound statement at line 4: ALTER TABLE transaction
ADD CONSTRAINT uk_transaction_id UNIQUE (transaction_id)&amp#27;[39m&amp#27;[38;5;203m&amp#27;[39m&amp#27;[38;5;227m
&amp#27;[39m&amp#27;[38;5;145m2025-06-30 15:23:35,828&amp#27;[39m&amp#27;[38;5;188m &amp#27;[39m&amp#27;[38;5;66mDEBUG&amp#27;[39m&amp#27;[38;5;188m [&amp#27;[39m&amp#27;[38;5;69morg.fly.cor.int.com.DbMigrate&amp#27;[39m&amp#27;[38;5;188m] (&amp#27;[39m&amp#27;[38;5;71mmain&amp#27;[39m&amp#27;[38;5;188m) &amp#27;[39m&amp#27;[38;5;151mStarting migration of schema "public" to version "02 - alter table" ...&amp#27;[39m&amp#27;[38;5;203m&amp#27;[39m&amp#27;[38;5;227m
&amp#27;[39m&amp#27;[38;5;145m2025-06-30 15:23:35,837&amp#27;[39m&amp#27;[38;5;188m &amp#27;[39m&amp#27;[38;5;107mINFO &amp#27;[39m&amp#27;[38;5;188m [&amp#27;[39m&amp#27;[38;5;69morg.fly.cor.int.com.DbMigrate&amp#27;[39m&amp#27;[38;5;188m] (&amp#27;[39m&amp#27;[38;5;71mmain&amp#27;[39m&amp#27;[38;5;188m) &amp#27;[39m&amp#27;[38;5;151mMigrating schema "public" to version "02 - alter table"&amp#27;[39m&amp#27;[38;5;203m&amp#27;[39m&amp#27;[38;5;227m
&amp#27;[39m&amp#27;[38;5;145m2025-06-30 15:23:35,839&amp#27;[39m&amp#27;[38;5;188m &amp#27;[39m&amp#27;[38;5;66mDEBUG&amp#27;[39m&amp#27;[38;5;188m [&amp#27;[39m&amp#27;[38;5;69morg.fly.cor.int.sql.DefaultSqlScriptExecutor&amp#27;[39m&amp#27;[38;5;188m] (&amp#27;[39m&amp#27;[38;5;71mmain&amp#27;[39m&amp#27;[38;5;188m) &amp#27;[39m&amp#27;[38;5;151mExecuting SQL: ALTER TABLE regola_classificazione
ADD COLUMN json_rule TEXT&amp#27;[39m&amp#27;[38;5;203m&amp#27;[39m&amp#27;[38;5;227m
&amp#27;[39m&amp#27;[38;5;145m2025-06-30 15:23:35,842&amp#27;[39m&amp#27;[38;5;188m &amp#27;[39m&amp#27;[38;5;66mDEBUG&amp#27;[39m&amp#27;[38;5;188m [&amp#27;[39m&amp#27;[38;5;69morg.fly.cor.int.sql.DefaultSqlScriptExecutor&amp#27;[39m&amp#27;[38;5;188m] (&amp#27;[39m&amp#27;[38;5;71mmain&amp#27;[39m&amp#27;[38;5;188m) &amp#27;[39m&amp#27;[38;5;151m0 rows affected&amp#27;[39m&amp#27;[38;5;203m&amp#27;[39m&amp#27;[38;5;227m
&amp#27;[39m&amp#27;[38;5;145m2025-06-30 15:23:35,842&amp#27;[39m&amp#27;[38;5;188m &amp#27;[39m&amp#27;[38;5;66mDEBUG&amp#27;[39m&amp#27;[38;5;188m [&amp#27;[39m&amp#27;[38;5;69morg.fly.cor.int.sql.DefaultSqlScriptExecutor&amp#27;[39m&amp#27;[38;5;188m] (&amp#27;[39m&amp#27;[38;5;71mmain&amp#27;[39m&amp#27;[38;5;188m) &amp#27;[39m&amp#27;[38;5;151mExecuting SQL: ALTER TABLE transaction
ADD CONSTRAINT uk_transaction_id UNIQUE (transaction_id)&amp#27;[39m&amp#27;[38;5;203m&amp#27;[39m&amp#27;[38;5;227m
&amp#27;[39m&amp#27;[38;5;145m2025-06-30 15:23:35,845&amp#27;[39m&amp#27;[38;5;188m &amp#27;[39m&amp#27;[38;5;66mDEBUG&amp#27;[39m&amp#27;[38;5;188m [&amp#27;[39m&amp#27;[38;5;69morg.fly.cor.int.sql.DefaultSqlScriptExecutor&amp#27;[39m&amp#27;[38;5;188m] (&amp#27;[39m&amp#27;[38;5;71mmain&amp#27;[39m&amp#27;[38;5;188m) &amp#27;[39m&amp#27;[38;5;151m0 rows affected&amp#27;[39m&amp#27;[38;5;203m&amp#27;[39m&amp#27;[38;5;227m
&amp#27;[39m&amp#27;[38;5;145m2025-06-30 15:23:35,846&amp#27;[39m&amp#27;[38;5;188m &amp#27;[39m&amp#27;[38;5;66mDEBUG&amp#27;[39m&amp#27;[38;5;188m [&amp#27;[39m&amp#27;[38;5;69morg.fly.cor.int.com.DbMigrate&amp#27;[39m&amp#27;[38;5;188m] (&amp#27;[39m&amp#27;[38;5;71mmain&amp#27;[39m&amp#27;[38;5;188m) &amp#27;[39m&amp#27;[38;5;151mSuccessfully completed migration of schema "public" to version "02 - alter table"&amp#27;[39m&amp#27;[38;5;203m&amp#27;[39m&amp#27;[38;5;227m
&amp#27;[39m&amp#27;[38;5;145m2025-06-30 15:23:35,857&amp#27;[39m&amp#27;[38;5;188m &amp#27;[39m&amp#27;[38;5;66mDEBUG&amp#27;[39m&amp#27;[38;5;188m [&amp#27;[39m&amp#27;[38;5;69morg.fly.cor.int.sch.JdbcTableSchemaHistory&amp#27;[39m&amp#27;[38;5;188m] (&amp#27;[39m&amp#27;[38;5;71mmain&amp#27;[39m&amp#27;[38;5;188m) &amp#27;[39m&amp#27;[38;5;151mSchema History table "public"."flyway_schema_history" successfully updated to reflect changes&amp#27;[39m&amp#27;[38;5;203m&amp#27;[39m&amp#27;[38;5;227m
&amp#27;[39m&amp#27;[38;5;145m2025-06-30 15:23:35,872&amp#27;[39m&amp#27;[38;5;188m &amp#27;[39m&amp#27;[38;5;66mDEBUG&amp#27;[39m&amp#27;[38;5;188m [&amp#27;[39m&amp#27;[38;5;69morg.fly.cor.api.con.ClassicConfiguration&amp#27;[39m&amp#27;[38;5;188m] (&amp#27;[39m&amp#27;[38;5;71mmain&amp#27;[39m&amp#27;[38;5;188m) &amp#27;[39m&amp#27;[38;5;151mCherryPickConfigurationExtension not found&amp#27;[39m&amp#27;[38;5;203m&amp#27;[39m&amp#27;[38;5;227m
&amp#27;[39m&amp#27;[38;5;145m2025-06-30 15:23:35,888&amp#27;[39m&amp#27;[38;5;188m &amp#27;[39m&amp#27;[38;5;107mINFO &amp#27;[39m&amp#27;[38;5;188m [&amp#27;[39m&amp#27;[38;5;69morg.fly.cor.int.com.DbMigrate&amp#27;[39m&amp#27;[38;5;188m] (&amp#27;[39m&amp#27;[38;5;71mmain&amp#27;[39m&amp#27;[38;5;188m) &amp#27;[39m&amp#27;[38;5;151mSuccessfully applied 2 migrations to schema "public", now at version v02 (execution time 00:00.047s)&amp#27;[39m&amp#27;[38;5;203m&amp#27;[39m&amp#27;[38;5;227m
&amp#27;[39m&amp#27;[38;5;145m2025-06-30 15:23:35,900&amp#27;[39m&amp#27;[38;5;188m &amp#27;[39m&amp#27;[38;5;66mDEBUG&amp#27;[39m&amp#27;[38;5;188m [&amp#27;[39m&amp#27;[38;5;69morg.fly.cor.FlywayExecutor&amp#27;[39m&amp#27;[38;5;188m] (&amp#27;[39m&amp#27;[38;5;71mmain&amp#27;[39m&amp#27;[38;5;188m) &amp#27;[39m&amp#27;[38;5;151mMemory usage: 96 of 270M&amp#27;[39m&amp#27;[38;5;203m&amp#27;[39m&amp#27;[38;5;227m
&amp#27;[39mRegoleInizialiLoader: Avvio dell'inizializzazione delle regole dopo il completo startup dell'applicazione.
Regole iniziali inserite correttamente.
&amp#27;[38;5;145m2025-06-30 15:23:37,288&amp#27;[39m&amp#27;[38;5;188m &amp#27;[39m&amp#27;[38;5;107mINFO &amp#27;[39m&amp#27;[38;5;188m [&amp#27;[39m&amp#27;[38;5;69mio.quarkus&amp#27;[39m&amp#27;[38;5;188m] (&amp#27;[39m&amp#27;[38;5;71mmain&amp#27;[39m&amp#27;[38;5;188m) &amp#27;[39m&amp#27;[38;5;151m&amp#27;[39m&amp#27;[38;5;188mbank-test 1.0.0-SNAPSHOT&amp#27;[39m &amp#27;[38;5;188mon JVM&amp#27;[39m (powered by Quarkus &amp#27;[38;5;188m3.22.3&amp#27;[39m) started in &amp#27;[38;5;188m11.934&amp#27;[39ms. &amp#27;[38;5;188mListening on: http://localhost:8081&amp#27;[39m&amp#27;[39m&amp#27;[38;5;203m&amp#27;[39m&amp#27;[38;5;227m
&amp#27;[39m&amp#27;[38;5;145m2025-06-30 15:23:37,289&amp#27;[39m&amp#27;[38;5;188m &amp#27;[39m&amp#27;[38;5;107mINFO &amp#27;[39m&amp#27;[38;5;188m [&amp#27;[39m&amp#27;[38;5;69mio.quarkus&amp#27;[39m&amp#27;[38;5;188m] (&amp#27;[39m&amp#27;[38;5;71mmain&amp#27;[39m&amp#27;[38;5;188m) &amp#27;[39m&amp#27;[38;5;151m&amp#27;[39mProfile&amp#27;[38;5;188m&amp#27;[39m &amp#27;[38;5;188mtest&amp#27;[39m activated. &amp#27;[38;5;188m&amp#27;[39m&amp#27;[39m&amp#27;[38;5;203m&amp#27;[39m&amp#27;[38;5;227m
&amp#27;[39m&amp#27;[38;5;145m2025-06-30 15:23:37,289&amp#27;[39m&amp#27;[38;5;188m &amp#27;[39m&amp#27;[38;5;107mINFO &amp#27;[39m&amp#27;[38;5;188m [&amp#27;[39m&amp#27;[38;5;69mio.quarkus&amp#27;[39m&amp#27;[38;5;188m] (&amp#27;[39m&amp#27;[38;5;71mmain&amp#27;[39m&amp#27;[38;5;188m) &amp#27;[39m&amp#27;[38;5;151m&amp#27;[39mInstalled features: [&amp#27;[38;5;188magroal, cdi, compose, flyway, hibernate-orm, hibernate-orm-panache, jdbc-h2, jdbc-postgresql, narayana-jta, rest, rest-client, rest-client-jackson, rest-jackson, scheduler, smallrye-context-propagation, smallrye-openapi, swagger-ui, vertx&amp#27;[39m]&amp#27;[39m&amp#27;[38;5;203m&amp#27;[39m&amp#27;[38;5;227m
&amp#27;[39m]]></system-out>
    <system-err><![CDATA[Mockito is currently self-attaching to enable the inline-mock-maker. This will no longer work in future releases of the JDK. Please add Mockito as an agent to your build as described in Mockito's documentation: https://javadoc.io/doc/org.mockito/mockito-core/latest/org.mockito/org/mockito/Mockito.html#0.3
WARNING: A Java agent has been loaded dynamically (C:\Users\FedericaPanceri\.m2\repository\net\bytebuddy\byte-buddy-agent\1.15.11\byte-buddy-agent-1.15.11.jar)
WARNING: If a serviceability tool is in use, please run with -XX:+EnableDynamicAgentLoading to hide this warning
WARNING: If a serviceability tool is not in use, please run with -Djdk.instrument.traceUsage for more information
WARNING: Dynamic loading of agents will be disallowed by default in a future release
]]></system-err>
  </testcase>
  <testcase name="addRule_shouldReturnBadRequest_whenMissingKeyword" classname="it.coderit.banktestapp.controller.ClassificationRuleControllerTest" time="0.056"/>
  <testcase name="delete_shouldReturnNotFound_whenRuleDoesNotExist" classname="it.coderit.banktestapp.controller.ClassificationRuleControllerTest" time="0.151"/>
  <testcase name="rules_shouldReturnAllRules" classname="it.coderit.banktestapp.controller.ClassificationRuleControllerTest" time="1.517"/>
  <testcase name="delete_shouldReturnInternalServerError_whenDeleteFails" classname="it.coderit.banktestapp.controller.ClassificationRuleControllerTest" time="0.049">
    <system-out><![CDATA[&amp#27;[38;5;145m2025-06-30 15:23:44,565&amp#27;[39m&amp#27;[38;5;188m &amp#27;[39m&amp#27;[38;5;203mERROR&amp#27;[39m&amp#27;[38;5;188m [&amp#27;[39m&amp#27;[38;5;69mit.cod.ban.con.ClassificationRuleController&amp#27;[39m&amp#27;[38;5;188m] (&amp#27;[39m&amp#27;[38;5;71mexecutor-thread-1&amp#27;[39m&amp#27;[38;5;188m) &amp#27;[39m&amp#27;[38;5;151mErrore durante l'eliminazione della regola con ID 1: Errore DB durante delete&amp#27;[39m&amp#27;[38;5;203m: java.lang.RuntimeException: Errore DB durante delete
	at it.coderit.banktestapp.repository.ClassificationRuleRepository.deleteById(ClassificationRuleRepository.java)
	at it.coderit.banktestapp.repository.ClassificationRuleRepository.deleteById(ClassificationRuleRepository.java)
	at it.coderit.banktestapp.repository.ClassificationRuleRepository_ClientProxy.deleteById(Unknown Source)
	at it.coderit.banktestapp.controller.ClassificationRuleController.delete(ClassificationRuleController.java:118)
	at it.coderit.banktestapp.controller.ClassificationRuleController_Subclass.delete$$superforward(Unknown Source)
	at it.coderit.banktestapp.controller.ClassificationRuleController_Subclass$$function$$2.apply(Unknown Source)
	at io.quarkus.arc.impl.AroundInvokeInvocationContext.proceed(AroundInvokeInvocationContext.java:73)
	at io.quarkus.arc.impl.AroundInvokeInvocationContext.proceed(AroundInvokeInvocationContext.java:62)
	at io.quarkus.narayana.jta.runtime.interceptor.TransactionalInterceptorBase.invokeInOurTx(TransactionalInterceptorBase.java:136)
	at io.quarkus.narayana.jta.runtime.interceptor.TransactionalInterceptorBase.invokeInOurTx(TransactionalInterceptorBase.java:107)
	at io.quarkus.narayana.jta.runtime.interceptor.TransactionalInterceptorRequired.doIntercept(TransactionalInterceptorRequired.java:38)
	at io.quarkus.narayana.jta.runtime.interceptor.TransactionalInterceptorBase.intercept(TransactionalInterceptorBase.java:61)
	at io.quarkus.narayana.jta.runtime.interceptor.TransactionalInterceptorRequired.intercept(TransactionalInterceptorRequired.java:32)
	at io.quarkus.narayana.jta.runtime.interceptor.TransactionalInterceptorRequired_Bean.intercept(Unknown Source)
	at io.quarkus.arc.impl.InterceptorInvocation.invoke(InterceptorInvocation.java:42)
	at io.quarkus.arc.impl.AroundInvokeInvocationContext.perform(AroundInvokeInvocationContext.java:30)
	at io.quarkus.arc.impl.InvocationContexts.performAroundInvoke(InvocationContexts.java:27)
	at it.coderit.banktestapp.controller.ClassificationRuleController_Subclass.delete(Unknown Source)
	at it.coderit.banktestapp.controller.ClassificationRuleController$quarkusrestinvoker$delete_4c503f18b21901dc70a60a68f383ed5ceb90851d.invoke(Unknown Source)
	at org.jboss.resteasy.reactive.server.handlers.InvocationHandler.handle(InvocationHandler.java:29)
	at io.quarkus.resteasy.reactive.server.runtime.QuarkusResteasyReactiveRequestContext.invokeHandler(QuarkusResteasyReactiveRequestContext.java:141)
	at org.jboss.resteasy.reactive.common.core.AbstractResteasyReactiveContext.run(AbstractResteasyReactiveContext.java:147)
	at io.quarkus.vertx.core.runtime.VertxCoreRecorder$15.runWith(VertxCoreRecorder.java:637)
	at org.jboss.threads.EnhancedQueueExecutor$Task.doRunWith(EnhancedQueueExecutor.java:2675)
	at org.jboss.threads.EnhancedQueueExecutor$Task.run(EnhancedQueueExecutor.java:2654)
	at org.jboss.threads.EnhancedQueueExecutor.runThreadBody(EnhancedQueueExecutor.java:1627)
	at org.jboss.threads.EnhancedQueueExecutor$ThreadBody.run(EnhancedQueueExecutor.java:1594)
	at org.jboss.threads.DelegatingRunnable.run(DelegatingRunnable.java:11)
	at org.jboss.threads.ThreadLocalResettingRunnable.run(ThreadLocalResettingRunnable.java:11)
	at io.netty.util.concurrent.FastThreadLocalRunnable.run(FastThreadLocalRunnable.java:30)
	at java.base/java.lang.Thread.run(Thread.java:1583)
&amp#27;[39m&amp#27;[38;5;227m
&amp#27;[39m]]></system-out>
  </testcase>
  <testcase name="update_shouldUpdatePartially_whenPartialInput" classname="it.coderit.banktestapp.controller.ClassificationRuleControllerTest" time="0.19"/>
  <testcase name="delete_shouldDeleteRule_whenRuleExists" classname="it.coderit.banktestapp.controller.ClassificationRuleControllerTest" time="0.047"/>
  <testcase name="addRule_ShouldReturnInternalServerError_whenPersistFails" classname="it.coderit.banktestapp.controller.ClassificationRuleControllerTest" time="0.046">
    <system-out><![CDATA[&amp#27;[38;5;145m2025-06-30 15:23:44,867&amp#27;[39m&amp#27;[38;5;188m &amp#27;[39m&amp#27;[38;5;203mERROR&amp#27;[39m&amp#27;[38;5;188m [&amp#27;[39m&amp#27;[38;5;69mit.cod.ban.con.ClassificationRuleController&amp#27;[39m&amp#27;[38;5;188m] (&amp#27;[39m&amp#27;[38;5;71mexecutor-thread-1&amp#27;[39m&amp#27;[38;5;188m) &amp#27;[39m&amp#27;[38;5;151mErrore durante la creazione delle rules: Errore DB simulato&amp#27;[39m&amp#27;[38;5;203m: java.lang.RuntimeException: Errore DB simulato
	at io.quarkus.hibernate.orm.panache.PanacheRepositoryBase.persist(PanacheRepositoryBase.java:66)
	at it.coderit.banktestapp.repository.ClassificationRuleRepository_ClientProxy.persist(Unknown Source)
	at it.coderit.banktestapp.controller.ClassificationRuleController.add(ClassificationRuleController.java:63)
	at it.coderit.banktestapp.controller.ClassificationRuleController_Subclass.add$$superforward(Unknown Source)
	at it.coderit.banktestapp.controller.ClassificationRuleController_Subclass$$function$$1.apply(Unknown Source)
	at io.quarkus.arc.impl.AroundInvokeInvocationContext.proceed(AroundInvokeInvocationContext.java:73)
	at io.quarkus.arc.impl.AroundInvokeInvocationContext.proceed(AroundInvokeInvocationContext.java:62)
	at io.quarkus.narayana.jta.runtime.interceptor.TransactionalInterceptorBase.invokeInOurTx(TransactionalInterceptorBase.java:136)
	at io.quarkus.narayana.jta.runtime.interceptor.TransactionalInterceptorBase.invokeInOurTx(TransactionalInterceptorBase.java:107)
	at io.quarkus.narayana.jta.runtime.interceptor.TransactionalInterceptorRequired.doIntercept(TransactionalInterceptorRequired.java:38)
	at io.quarkus.narayana.jta.runtime.interceptor.TransactionalInterceptorBase.intercept(TransactionalInterceptorBase.java:61)
	at io.quarkus.narayana.jta.runtime.interceptor.TransactionalInterceptorRequired.intercept(TransactionalInterceptorRequired.java:32)
	at io.quarkus.narayana.jta.runtime.interceptor.TransactionalInterceptorRequired_Bean.intercept(Unknown Source)
	at io.quarkus.arc.impl.InterceptorInvocation.invoke(InterceptorInvocation.java:42)
	at io.quarkus.arc.impl.AroundInvokeInvocationContext.perform(AroundInvokeInvocationContext.java:30)
	at io.quarkus.arc.impl.InvocationContexts.performAroundInvoke(InvocationContexts.java:27)
	at it.coderit.banktestapp.controller.ClassificationRuleController_Subclass.add(Unknown Source)
	at it.coderit.banktestapp.controller.ClassificationRuleController$quarkusrestinvoker$add_a4081c98c1be37540bd91537f7a163c4df8c5969.invoke(Unknown Source)
	at org.jboss.resteasy.reactive.server.handlers.InvocationHandler.handle(InvocationHandler.java:29)
	at io.quarkus.resteasy.reactive.server.runtime.QuarkusResteasyReactiveRequestContext.invokeHandler(QuarkusResteasyReactiveRequestContext.java:141)
	at org.jboss.resteasy.reactive.common.core.AbstractResteasyReactiveContext.run(AbstractResteasyReactiveContext.java:147)
	at io.quarkus.vertx.core.runtime.VertxCoreRecorder$15.runWith(VertxCoreRecorder.java:637)
	at org.jboss.threads.EnhancedQueueExecutor$Task.doRunWith(EnhancedQueueExecutor.java:2675)
	at org.jboss.threads.EnhancedQueueExecutor$Task.run(EnhancedQueueExecutor.java:2654)
	at org.jboss.threads.EnhancedQueueExecutor.runThreadBody(EnhancedQueueExecutor.java:1627)
	at org.jboss.threads.EnhancedQueueExecutor$ThreadBody.run(EnhancedQueueExecutor.java:1594)
	at org.jboss.threads.DelegatingRunnable.run(DelegatingRunnable.java:11)
	at org.jboss.threads.ThreadLocalResettingRunnable.run(ThreadLocalResettingRunnable.java:11)
	at io.netty.util.concurrent.FastThreadLocalRunnable.run(FastThreadLocalRunnable.java:30)
	at java.base/java.lang.Thread.run(Thread.java:1583)
&amp#27;[39m&amp#27;[38;5;227m
&amp#27;[39m]]></system-out>
  </testcase>
  <testcase name="rules_shouldReturnEmptyList_whenNoRuleExists" classname="it.coderit.banktestapp.controller.ClassificationRuleControllerTest" time="0.061"/>
  <testcase name="addRule_shouldReturnBadRequest_whenEmptyInput" classname="it.coderit.banktestapp.controller.ClassificationRuleControllerTest" time="0.046"/>
  <testcase name="update_shouldReturnNotFound_whenRuleDoesNotExist" classname="it.coderit.banktestapp.controller.ClassificationRuleControllerTest" time="0.036"/>
  <testcase name="update_shouldReturnInternalServerError_whenUpdateFails" classname="it.coderit.banktestapp.controller.ClassificationRuleControllerTest" time="0.035">
    <system-out><![CDATA[&amp#27;[38;5;145m2025-06-30 15:23:45,070&amp#27;[39m&amp#27;[38;5;188m &amp#27;[39m&amp#27;[38;5;203mERROR&amp#27;[39m&amp#27;[38;5;188m [&amp#27;[39m&amp#27;[38;5;69mit.cod.ban.con.ClassificationRuleController&amp#27;[39m&amp#27;[38;5;188m] (&amp#27;[39m&amp#27;[38;5;71mexecutor-thread-1&amp#27;[39m&amp#27;[38;5;188m) &amp#27;[39m&amp#27;[38;5;151mErrore durante l'aggiornamento della regola con ID 1: Errore DB durante findById&amp#27;[39m&amp#27;[38;5;203m: java.lang.RuntimeException: Errore DB durante findById
	at it.coderit.banktestapp.repository.ClassificationRuleRepository.findById(ClassificationRuleRepository.java)
	at it.coderit.banktestapp.repository.ClassificationRuleRepository.findById(ClassificationRuleRepository.java)
	at it.coderit.banktestapp.repository.ClassificationRuleRepository_ClientProxy.findById(Unknown Source)
	at it.coderit.banktestapp.controller.ClassificationRuleController.update(ClassificationRuleController.java:82)
	at it.coderit.banktestapp.controller.ClassificationRuleController_Subclass.update$$superforward(Unknown Source)
	at it.coderit.banktestapp.controller.ClassificationRuleController_Subclass$$function$$3.apply(Unknown Source)
	at io.quarkus.arc.impl.AroundInvokeInvocationContext.proceed(AroundInvokeInvocationContext.java:73)
	at io.quarkus.arc.impl.AroundInvokeInvocationContext.proceed(AroundInvokeInvocationContext.java:62)
	at io.quarkus.narayana.jta.runtime.interceptor.TransactionalInterceptorBase.invokeInOurTx(TransactionalInterceptorBase.java:136)
	at io.quarkus.narayana.jta.runtime.interceptor.TransactionalInterceptorBase.invokeInOurTx(TransactionalInterceptorBase.java:107)
	at io.quarkus.narayana.jta.runtime.interceptor.TransactionalInterceptorRequired.doIntercept(TransactionalInterceptorRequired.java:38)
	at io.quarkus.narayana.jta.runtime.interceptor.TransactionalInterceptorBase.intercept(TransactionalInterceptorBase.java:61)
	at io.quarkus.narayana.jta.runtime.interceptor.TransactionalInterceptorRequired.intercept(TransactionalInterceptorRequired.java:32)
	at io.quarkus.narayana.jta.runtime.interceptor.TransactionalInterceptorRequired_Bean.intercept(Unknown Source)
	at io.quarkus.arc.impl.InterceptorInvocation.invoke(InterceptorInvocation.java:42)
	at io.quarkus.arc.impl.AroundInvokeInvocationContext.perform(AroundInvokeInvocationContext.java:30)
	at io.quarkus.arc.impl.InvocationContexts.performAroundInvoke(InvocationContexts.java:27)
	at it.coderit.banktestapp.controller.ClassificationRuleController_Subclass.update(Unknown Source)
	at it.coderit.banktestapp.controller.ClassificationRuleController$quarkusrestinvoker$update_30b09a84b60dcc3c54de20cbe09aa0f7f53baab5.invoke(Unknown Source)
	at org.jboss.resteasy.reactive.server.handlers.InvocationHandler.handle(InvocationHandler.java:29)
	at io.quarkus.resteasy.reactive.server.runtime.QuarkusResteasyReactiveRequestContext.invokeHandler(QuarkusResteasyReactiveRequestContext.java:141)
	at org.jboss.resteasy.reactive.common.core.AbstractResteasyReactiveContext.run(AbstractResteasyReactiveContext.java:147)
	at io.quarkus.vertx.core.runtime.VertxCoreRecorder$15.runWith(VertxCoreRecorder.java:637)
	at org.jboss.threads.EnhancedQueueExecutor$Task.doRunWith(EnhancedQueueExecutor.java:2675)
	at org.jboss.threads.EnhancedQueueExecutor$Task.run(EnhancedQueueExecutor.java:2654)
	at org.jboss.threads.EnhancedQueueExecutor.runThreadBody(EnhancedQueueExecutor.java:1627)
	at org.jboss.threads.EnhancedQueueExecutor$ThreadBody.run(EnhancedQueueExecutor.java:1594)
	at org.jboss.threads.DelegatingRunnable.run(DelegatingRunnable.java:11)
	at org.jboss.threads.ThreadLocalResettingRunnable.run(ThreadLocalResettingRunnable.java:11)
	at io.netty.util.concurrent.FastThreadLocalRunnable.run(FastThreadLocalRunnable.java:30)
	at java.base/java.lang.Thread.run(Thread.java:1583)
&amp#27;[39m&amp#27;[38;5;227m
&amp#27;[39m]]></system-out>
  </testcase>
  <testcase name="update_shouldUpdateExistingRule_whenValidInput" classname="it.coderit.banktestapp.controller.ClassificationRuleControllerTest" time="0.119"/>
  <testcase name="addRule_shouldCreateNewRule_whenValidInput" classname="it.coderit.banktestapp.controller.ClassificationRuleControllerTest" time="0.039"/>
  <testcase name="add_shouldReturnBadRequest_whenInputIsNull" classname="it.coderit.banktestapp.controller.ClassificationRuleControllerTest" time="0.039"/>
</testsuite>